0 info it worked if it ends with ok
1 verbose cli [ '/Users/alexchan/.meteor/packages/meteor-tool/.1.4.2_1.ady4ki++os.osx.x86_64+web.browser+web.cordova/mt-os.osx.x86_64/dev_bundle/bin/node',
1 verbose cli   '/Users/alexchan/.meteor/packages/meteor-tool/.1.4.2_1.ady4ki++os.osx.x86_64+web.browser+web.cordova/mt-os.osx.x86_64/dev_bundle/bin/npm',
1 verbose cli   'install',
1 verbose cli   '--save',
1 verbose cli   'bcrypt' ]
2 info using npm@3.10.9
3 info using node@v4.6.1
4 silly loadCurrentTree Starting
5 silly install loadCurrentTree
6 silly install readLocalPackageData
7 silly fetchPackageMetaData bcrypt
8 silly fetchNamedPackageData bcrypt
9 silly mapToRegistry name bcrypt
10 silly mapToRegistry using default registry
11 silly mapToRegistry registry https://registry.npmjs.org/
12 silly mapToRegistry data Result {
12 silly mapToRegistry   raw: 'bcrypt',
12 silly mapToRegistry   scope: null,
12 silly mapToRegistry   escapedName: 'bcrypt',
12 silly mapToRegistry   name: 'bcrypt',
12 silly mapToRegistry   rawSpec: '',
12 silly mapToRegistry   spec: 'latest',
12 silly mapToRegistry   type: 'tag' }
13 silly mapToRegistry uri https://registry.npmjs.org/bcrypt
14 verbose request uri https://registry.npmjs.org/bcrypt
15 verbose request no auth needed
16 info attempt registry request try #1 at 4:26:47 PM
17 verbose request id 62ebf1f8b38c180a
18 verbose etag "5825b7ea-14213"
19 http request GET https://registry.npmjs.org/bcrypt
20 http 304 https://registry.npmjs.org/bcrypt
21 verbose headers { date: 'Sun, 13 Nov 2016 00:26:47 GMT',
21 verbose headers   via: '1.1 varnish',
21 verbose headers   'cache-control': 'max-age=300',
21 verbose headers   etag: '"5825b7ea-14213"',
21 verbose headers   age: '0',
21 verbose headers   connection: 'keep-alive',
21 verbose headers   'x-served-by': 'cache-sjc3635-SJC',
21 verbose headers   'x-cache': 'HIT',
21 verbose headers   'x-cache-hits': '1',
21 verbose headers   'x-timer': 'S1478996807.183854,VS0,VE150',
21 verbose headers   vary: 'Accept-Encoding' }
22 silly get cb [ 304,
22 silly get   { date: 'Sun, 13 Nov 2016 00:26:47 GMT',
22 silly get     via: '1.1 varnish',
22 silly get     'cache-control': 'max-age=300',
22 silly get     etag: '"5825b7ea-14213"',
22 silly get     age: '0',
22 silly get     connection: 'keep-alive',
22 silly get     'x-served-by': 'cache-sjc3635-SJC',
22 silly get     'x-cache': 'HIT',
22 silly get     'x-cache-hits': '1',
22 silly get     'x-timer': 'S1478996807.183854,VS0,VE150',
22 silly get     vary: 'Accept-Encoding' } ]
23 verbose etag https://registry.npmjs.org/bcrypt from cache
24 verbose get saving bcrypt to /Users/alexchan/.meteor/packages/meteor-tool/.1.4.2_1.ady4ki++os.osx.x86_64+web.browser+web.cordova/mt-os.osx.x86_64/dev_bundle/.npm/registry.npmjs.org/bcrypt/.cache.json
25 verbose correctMkdir /Users/alexchan/.meteor/packages/meteor-tool/.1.4.2_1.ady4ki++os.osx.x86_64+web.browser+web.cordova/mt-os.osx.x86_64/dev_bundle/.npm correctMkdir not in flight; initializing
26 silly install normalizeTree
27 silly loadCurrentTree Finishing
28 silly loadIdealTree Starting
29 silly install loadIdealTree
30 silly cloneCurrentTree Starting
31 silly install cloneCurrentTreeToIdealTree
32 silly cloneCurrentTree Finishing
33 silly loadShrinkwrap Starting
34 silly install loadShrinkwrap
35 silly loadShrinkwrap Finishing
36 silly loadAllDepsIntoIdealTree Starting
37 silly install loadAllDepsIntoIdealTree
38 silly resolveWithNewModule bcrypt@0.8.7 checking installable status
39 silly cache add args [ 'bcrypt', null ]
40 verbose cache add spec bcrypt
41 silly cache add parsed spec Result {
41 silly cache add   raw: 'bcrypt',
41 silly cache add   scope: null,
41 silly cache add   escapedName: 'bcrypt',
41 silly cache add   name: 'bcrypt',
41 silly cache add   rawSpec: '',
41 silly cache add   spec: 'latest',
41 silly cache add   type: 'tag' }
42 silly addNamed bcrypt@latest
43 verbose addNamed "latest" is being treated as a dist-tag for bcrypt
44 info addNameTag [ 'bcrypt', 'latest' ]
45 silly mapToRegistry name bcrypt
46 silly mapToRegistry using default registry
47 silly mapToRegistry registry https://registry.npmjs.org/
48 silly mapToRegistry data Result {
48 silly mapToRegistry   raw: 'bcrypt',
48 silly mapToRegistry   scope: null,
48 silly mapToRegistry   escapedName: 'bcrypt',
48 silly mapToRegistry   name: 'bcrypt',
48 silly mapToRegistry   rawSpec: '',
48 silly mapToRegistry   spec: 'latest',
48 silly mapToRegistry   type: 'tag' }
49 silly mapToRegistry uri https://registry.npmjs.org/bcrypt
50 verbose addNameTag registry:https://registry.npmjs.org/bcrypt not in flight; fetching
51 verbose get https://registry.npmjs.org/bcrypt not expired, no request
52 silly addNameTag next cb for bcrypt with tag latest
53 silly addNamed bcrypt@0.8.7
54 verbose addNamed "0.8.7" is a plain semver version for bcrypt
55 silly cache afterAdd bcrypt@0.8.7
56 verbose afterAdd /Users/alexchan/.meteor/packages/meteor-tool/.1.4.2_1.ady4ki++os.osx.x86_64+web.browser+web.cordova/mt-os.osx.x86_64/dev_bundle/.npm/bcrypt/0.8.7/package/package.json not in flight; writing
57 verbose correctMkdir /Users/alexchan/.meteor/packages/meteor-tool/.1.4.2_1.ady4ki++os.osx.x86_64+web.browser+web.cordova/mt-os.osx.x86_64/dev_bundle/.npm correctMkdir not in flight; initializing
58 verbose afterAdd /Users/alexchan/.meteor/packages/meteor-tool/.1.4.2_1.ady4ki++os.osx.x86_64+web.browser+web.cordova/mt-os.osx.x86_64/dev_bundle/.npm/bcrypt/0.8.7/package/package.json written
59 silly fetchNamedPackageData bindings
60 silly mapToRegistry name bindings
61 silly mapToRegistry using default registry
62 silly mapToRegistry registry https://registry.npmjs.org/
63 silly mapToRegistry data Result {
63 silly mapToRegistry   raw: 'bindings',
63 silly mapToRegistry   scope: null,
63 silly mapToRegistry   escapedName: 'bindings',
63 silly mapToRegistry   name: 'bindings',
63 silly mapToRegistry   rawSpec: '',
63 silly mapToRegistry   spec: 'latest',
63 silly mapToRegistry   type: 'tag' }
64 silly mapToRegistry uri https://registry.npmjs.org/bindings
65 silly fetchNamedPackageData nan
66 silly mapToRegistry name nan
67 silly mapToRegistry using default registry
68 silly mapToRegistry registry https://registry.npmjs.org/
69 silly mapToRegistry data Result {
69 silly mapToRegistry   raw: 'nan',
69 silly mapToRegistry   scope: null,
69 silly mapToRegistry   escapedName: 'nan',
69 silly mapToRegistry   name: 'nan',
69 silly mapToRegistry   rawSpec: '',
69 silly mapToRegistry   spec: 'latest',
69 silly mapToRegistry   type: 'tag' }
70 silly mapToRegistry uri https://registry.npmjs.org/nan
71 verbose request uri https://registry.npmjs.org/bindings
72 verbose request no auth needed
73 info attempt registry request try #1 at 4:26:48 PM
74 verbose etag "580645d3-46f7"
75 http request GET https://registry.npmjs.org/bindings
76 verbose request uri https://registry.npmjs.org/nan
77 verbose request no auth needed
78 info attempt registry request try #1 at 4:26:48 PM
79 verbose etag "5818d749-1ce1e"
80 http request GET https://registry.npmjs.org/nan
81 http 304 https://registry.npmjs.org/bindings
82 verbose headers { date: 'Sun, 13 Nov 2016 00:26:47 GMT',
82 verbose headers   via: '1.1 varnish',
82 verbose headers   'cache-control': 'max-age=300',
82 verbose headers   etag: '"580645d3-46f7"',
82 verbose headers   age: '52',
82 verbose headers   connection: 'keep-alive',
82 verbose headers   'x-served-by': 'cache-sjc3635-SJC',
82 verbose headers   'x-cache': 'HIT',
82 verbose headers   'x-cache-hits': '1',
82 verbose headers   'x-timer': 'S1478996807.443103,VS0,VE0',
82 verbose headers   vary: 'Accept-Encoding' }
83 silly get cb [ 304,
83 silly get   { date: 'Sun, 13 Nov 2016 00:26:47 GMT',
83 silly get     via: '1.1 varnish',
83 silly get     'cache-control': 'max-age=300',
83 silly get     etag: '"580645d3-46f7"',
83 silly get     age: '52',
83 silly get     connection: 'keep-alive',
83 silly get     'x-served-by': 'cache-sjc3635-SJC',
83 silly get     'x-cache': 'HIT',
83 silly get     'x-cache-hits': '1',
83 silly get     'x-timer': 'S1478996807.443103,VS0,VE0',
83 silly get     vary: 'Accept-Encoding' } ]
84 verbose etag https://registry.npmjs.org/bindings from cache
85 verbose get saving bindings to /Users/alexchan/.meteor/packages/meteor-tool/.1.4.2_1.ady4ki++os.osx.x86_64+web.browser+web.cordova/mt-os.osx.x86_64/dev_bundle/.npm/registry.npmjs.org/bindings/.cache.json
86 verbose correctMkdir /Users/alexchan/.meteor/packages/meteor-tool/.1.4.2_1.ady4ki++os.osx.x86_64+web.browser+web.cordova/mt-os.osx.x86_64/dev_bundle/.npm correctMkdir not in flight; initializing
87 silly resolveWithNewModule bindings@1.2.1 checking installable status
88 silly cache add args [ 'bindings@1.2.1', null ]
89 verbose cache add spec bindings@1.2.1
90 silly cache add parsed spec Result {
90 silly cache add   raw: 'bindings@1.2.1',
90 silly cache add   scope: null,
90 silly cache add   escapedName: 'bindings',
90 silly cache add   name: 'bindings',
90 silly cache add   rawSpec: '1.2.1',
90 silly cache add   spec: '1.2.1',
90 silly cache add   type: 'version' }
91 silly addNamed bindings@1.2.1
92 verbose addNamed "1.2.1" is a plain semver version for bindings
93 silly mapToRegistry name bindings
94 silly mapToRegistry using default registry
95 silly mapToRegistry registry https://registry.npmjs.org/
96 silly mapToRegistry data Result {
96 silly mapToRegistry   raw: 'bindings',
96 silly mapToRegistry   scope: null,
96 silly mapToRegistry   escapedName: 'bindings',
96 silly mapToRegistry   name: 'bindings',
96 silly mapToRegistry   rawSpec: '',
96 silly mapToRegistry   spec: 'latest',
96 silly mapToRegistry   type: 'tag' }
97 silly mapToRegistry uri https://registry.npmjs.org/bindings
98 verbose addNameVersion registry:https://registry.npmjs.org/bindings not in flight; fetching
99 verbose get https://registry.npmjs.org/bindings not expired, no request
100 silly cache afterAdd bindings@1.2.1
101 verbose afterAdd /Users/alexchan/.meteor/packages/meteor-tool/.1.4.2_1.ady4ki++os.osx.x86_64+web.browser+web.cordova/mt-os.osx.x86_64/dev_bundle/.npm/bindings/1.2.1/package/package.json not in flight; writing
102 verbose correctMkdir /Users/alexchan/.meteor/packages/meteor-tool/.1.4.2_1.ady4ki++os.osx.x86_64+web.browser+web.cordova/mt-os.osx.x86_64/dev_bundle/.npm correctMkdir not in flight; initializing
103 verbose afterAdd /Users/alexchan/.meteor/packages/meteor-tool/.1.4.2_1.ady4ki++os.osx.x86_64+web.browser+web.cordova/mt-os.osx.x86_64/dev_bundle/.npm/bindings/1.2.1/package/package.json written
104 http 304 https://registry.npmjs.org/nan
105 verbose headers { date: 'Sun, 13 Nov 2016 00:26:47 GMT',
105 verbose headers   via: '1.1 varnish',
105 verbose headers   'cache-control': 'max-age=300',
105 verbose headers   etag: '"5818d749-1ce1e"',
105 verbose headers   age: '55',
105 verbose headers   connection: 'keep-alive',
105 verbose headers   'x-served-by': 'cache-sjc3646-SJC',
105 verbose headers   'x-cache': 'HIT',
105 verbose headers   'x-cache-hits': '1',
105 verbose headers   'x-timer': 'S1478996807.472036,VS0,VE0',
105 verbose headers   vary: 'Accept-Encoding' }
106 silly get cb [ 304,
106 silly get   { date: 'Sun, 13 Nov 2016 00:26:47 GMT',
106 silly get     via: '1.1 varnish',
106 silly get     'cache-control': 'max-age=300',
106 silly get     etag: '"5818d749-1ce1e"',
106 silly get     age: '55',
106 silly get     connection: 'keep-alive',
106 silly get     'x-served-by': 'cache-sjc3646-SJC',
106 silly get     'x-cache': 'HIT',
106 silly get     'x-cache-hits': '1',
106 silly get     'x-timer': 'S1478996807.472036,VS0,VE0',
106 silly get     vary: 'Accept-Encoding' } ]
107 verbose etag https://registry.npmjs.org/nan from cache
108 verbose get saving nan to /Users/alexchan/.meteor/packages/meteor-tool/.1.4.2_1.ady4ki++os.osx.x86_64+web.browser+web.cordova/mt-os.osx.x86_64/dev_bundle/.npm/registry.npmjs.org/nan/.cache.json
109 verbose correctMkdir /Users/alexchan/.meteor/packages/meteor-tool/.1.4.2_1.ady4ki++os.osx.x86_64+web.browser+web.cordova/mt-os.osx.x86_64/dev_bundle/.npm correctMkdir not in flight; initializing
110 silly resolveWithNewModule nan@2.3.5 checking installable status
111 silly cache add args [ 'nan@2.3.5', null ]
112 verbose cache add spec nan@2.3.5
113 silly cache add parsed spec Result {
113 silly cache add   raw: 'nan@2.3.5',
113 silly cache add   scope: null,
113 silly cache add   escapedName: 'nan',
113 silly cache add   name: 'nan',
113 silly cache add   rawSpec: '2.3.5',
113 silly cache add   spec: '2.3.5',
113 silly cache add   type: 'version' }
114 silly addNamed nan@2.3.5
115 verbose addNamed "2.3.5" is a plain semver version for nan
116 silly mapToRegistry name nan
117 silly mapToRegistry using default registry
118 silly mapToRegistry registry https://registry.npmjs.org/
119 silly mapToRegistry data Result {
119 silly mapToRegistry   raw: 'nan',
119 silly mapToRegistry   scope: null,
119 silly mapToRegistry   escapedName: 'nan',
119 silly mapToRegistry   name: 'nan',
119 silly mapToRegistry   rawSpec: '',
119 silly mapToRegistry   spec: 'latest',
119 silly mapToRegistry   type: 'tag' }
120 silly mapToRegistry uri https://registry.npmjs.org/nan
121 verbose addNameVersion registry:https://registry.npmjs.org/nan not in flight; fetching
122 verbose get https://registry.npmjs.org/nan not expired, no request
123 silly cache afterAdd nan@2.3.5
124 verbose afterAdd /Users/alexchan/.meteor/packages/meteor-tool/.1.4.2_1.ady4ki++os.osx.x86_64+web.browser+web.cordova/mt-os.osx.x86_64/dev_bundle/.npm/nan/2.3.5/package/package.json not in flight; writing
125 verbose correctMkdir /Users/alexchan/.meteor/packages/meteor-tool/.1.4.2_1.ady4ki++os.osx.x86_64+web.browser+web.cordova/mt-os.osx.x86_64/dev_bundle/.npm correctMkdir not in flight; initializing
126 verbose afterAdd /Users/alexchan/.meteor/packages/meteor-tool/.1.4.2_1.ady4ki++os.osx.x86_64+web.browser+web.cordova/mt-os.osx.x86_64/dev_bundle/.npm/nan/2.3.5/package/package.json written
127 silly loadAllDepsIntoIdealTree Finishing
128 silly loadIdealTree Finishing
129 silly currentTree mk-team@
129 silly currentTree ├── babel-runtime@6.18.0
129 silly currentTree ├── core-js@2.4.1
129 silly currentTree ├─┬ meteor-node-stubs@0.2.4
129 silly currentTree │ ├── asn1.js@4.9.0
129 silly currentTree │ ├── assert@1.4.1
129 silly currentTree │ ├── base64-js@1.2.0
129 silly currentTree │ ├── Base64@0.2.1
129 silly currentTree │ ├── bn.js@4.11.6
129 silly currentTree │ ├── brorand@1.0.6
129 silly currentTree │ ├── browserify-aes@1.0.6
129 silly currentTree │ ├── browserify-cipher@1.0.0
129 silly currentTree │ ├── browserify-des@1.0.0
129 silly currentTree │ ├── browserify-rsa@4.0.1
129 silly currentTree │ ├── browserify-sign@4.0.0
129 silly currentTree │ ├── browserify-zlib@0.1.4
129 silly currentTree │ ├── buffer-shims@1.0.0
129 silly currentTree │ ├── buffer-xor@1.0.3
129 silly currentTree │ ├── buffer@4.9.1
129 silly currentTree │ ├── cipher-base@1.0.3
129 silly currentTree │ ├── console-browserify@1.1.0
129 silly currentTree │ ├── constants-browserify@1.0.0
129 silly currentTree │ ├── core-util-is@1.0.2
129 silly currentTree │ ├── create-ecdh@4.0.0
129 silly currentTree │ ├── create-hash@1.1.2
129 silly currentTree │ ├── create-hmac@1.1.4
129 silly currentTree │ ├── crypto-browserify@3.11.0
129 silly currentTree │ ├── date-now@0.1.4
129 silly currentTree │ ├── des.js@1.0.0
129 silly currentTree │ ├── diffie-hellman@5.0.2
129 silly currentTree │ ├── domain-browser@1.1.7
129 silly currentTree │ ├── elliptic@6.3.2
129 silly currentTree │ ├── events@1.1.1
129 silly currentTree │ ├── evp_bytestokey@1.0.0
129 silly currentTree │ ├── hash.js@1.0.3
129 silly currentTree │ ├── http-browserify@1.7.0
129 silly currentTree │ ├── https-browserify@0.0.1
129 silly currentTree │ ├── ieee754@1.1.8
129 silly currentTree │ ├── indexof@0.0.1
129 silly currentTree │ ├── inherits@2.0.1
129 silly currentTree │ ├── isarray@1.0.0
129 silly currentTree │ ├── miller-rabin@4.0.0
129 silly currentTree │ ├── minimalistic-assert@1.0.0
129 silly currentTree │ ├── os-browserify@0.2.1
129 silly currentTree │ ├── pako@0.2.9
129 silly currentTree │ ├── parse-asn1@5.0.0
129 silly currentTree │ ├── path-browserify@0.0.0
129 silly currentTree │ ├── pbkdf2@3.0.9
129 silly currentTree │ ├── process-nextick-args@1.0.7
129 silly currentTree │ ├── process@0.11.9
129 silly currentTree │ ├── public-encrypt@4.0.0
129 silly currentTree │ ├── punycode@1.4.1
129 silly currentTree │ ├── querystring-es3@0.2.1
129 silly currentTree │ ├── querystring@0.2.0
129 silly currentTree │ ├── randombytes@2.0.3
129 silly currentTree │ ├── readable-stream@2.2.1
129 silly currentTree │ ├── ripemd160@1.0.1
129 silly currentTree │ ├── sha.js@2.4.8
129 silly currentTree │ ├── stream-browserify@2.0.1
129 silly currentTree │ ├── string_decoder@0.10.31
129 silly currentTree │ ├── timers-browserify@1.4.2
129 silly currentTree │ ├── tty-browserify@0.0.0
129 silly currentTree │ ├─┬ url@0.11.0
129 silly currentTree │ │ └── punycode@1.3.2
129 silly currentTree │ ├── util-deprecate@1.0.2
129 silly currentTree │ ├── util@0.10.3
129 silly currentTree │ └── vm-browserify@0.0.4
129 silly currentTree └── regenerator-runtime@0.9.6
130 silly idealTree mk-team@
130 silly idealTree ├── babel-runtime@6.18.0
130 silly idealTree ├── bcrypt@0.8.7
130 silly idealTree ├── bindings@1.2.1
130 silly idealTree ├── core-js@2.4.1
130 silly idealTree ├─┬ meteor-node-stubs@0.2.4
130 silly idealTree │ ├── asn1.js@4.9.0
130 silly idealTree │ ├── assert@1.4.1
130 silly idealTree │ ├── base64-js@1.2.0
130 silly idealTree │ ├── Base64@0.2.1
130 silly idealTree │ ├── bn.js@4.11.6
130 silly idealTree │ ├── brorand@1.0.6
130 silly idealTree │ ├── browserify-aes@1.0.6
130 silly idealTree │ ├── browserify-cipher@1.0.0
130 silly idealTree │ ├── browserify-des@1.0.0
130 silly idealTree │ ├── browserify-rsa@4.0.1
130 silly idealTree │ ├── browserify-sign@4.0.0
130 silly idealTree │ ├── browserify-zlib@0.1.4
130 silly idealTree │ ├── buffer-shims@1.0.0
130 silly idealTree │ ├── buffer-xor@1.0.3
130 silly idealTree │ ├── buffer@4.9.1
130 silly idealTree │ ├── cipher-base@1.0.3
130 silly idealTree │ ├── console-browserify@1.1.0
130 silly idealTree │ ├── constants-browserify@1.0.0
130 silly idealTree │ ├── core-util-is@1.0.2
130 silly idealTree │ ├── create-ecdh@4.0.0
130 silly idealTree │ ├── create-hash@1.1.2
130 silly idealTree │ ├── create-hmac@1.1.4
130 silly idealTree │ ├── crypto-browserify@3.11.0
130 silly idealTree │ ├── date-now@0.1.4
130 silly idealTree │ ├── des.js@1.0.0
130 silly idealTree │ ├── diffie-hellman@5.0.2
130 silly idealTree │ ├── domain-browser@1.1.7
130 silly idealTree │ ├── elliptic@6.3.2
130 silly idealTree │ ├── events@1.1.1
130 silly idealTree │ ├── evp_bytestokey@1.0.0
130 silly idealTree │ ├── hash.js@1.0.3
130 silly idealTree │ ├── http-browserify@1.7.0
130 silly idealTree │ ├── https-browserify@0.0.1
130 silly idealTree │ ├── ieee754@1.1.8
130 silly idealTree │ ├── indexof@0.0.1
130 silly idealTree │ ├── inherits@2.0.1
130 silly idealTree │ ├── isarray@1.0.0
130 silly idealTree │ ├── miller-rabin@4.0.0
130 silly idealTree │ ├── minimalistic-assert@1.0.0
130 silly idealTree │ ├── os-browserify@0.2.1
130 silly idealTree │ ├── pako@0.2.9
130 silly idealTree │ ├── parse-asn1@5.0.0
130 silly idealTree │ ├── path-browserify@0.0.0
130 silly idealTree │ ├── pbkdf2@3.0.9
130 silly idealTree │ ├── process-nextick-args@1.0.7
130 silly idealTree │ ├── process@0.11.9
130 silly idealTree │ ├── public-encrypt@4.0.0
130 silly idealTree │ ├── punycode@1.4.1
130 silly idealTree │ ├── querystring-es3@0.2.1
130 silly idealTree │ ├── querystring@0.2.0
130 silly idealTree │ ├── randombytes@2.0.3
130 silly idealTree │ ├── readable-stream@2.2.1
130 silly idealTree │ ├── ripemd160@1.0.1
130 silly idealTree │ ├── sha.js@2.4.8
130 silly idealTree │ ├── stream-browserify@2.0.1
130 silly idealTree │ ├── string_decoder@0.10.31
130 silly idealTree │ ├── timers-browserify@1.4.2
130 silly idealTree │ ├── tty-browserify@0.0.0
130 silly idealTree │ ├─┬ url@0.11.0
130 silly idealTree │ │ └── punycode@1.3.2
130 silly idealTree │ ├── util-deprecate@1.0.2
130 silly idealTree │ ├── util@0.10.3
130 silly idealTree │ └── vm-browserify@0.0.4
130 silly idealTree ├── nan@2.3.5
130 silly idealTree └── regenerator-runtime@0.9.6
131 silly generateActionsToTake Starting
132 silly install generateActionsToTake
133 silly generateActionsToTake Finishing
134 silly diffTrees action count 3
135 silly diffTrees add bindings@1.2.1
136 silly diffTrees add nan@2.3.5
137 silly diffTrees add bcrypt@0.8.7
138 silly decomposeActions action count 24
139 silly decomposeActions fetch bindings@1.2.1
140 silly decomposeActions extract bindings@1.2.1
141 silly decomposeActions test bindings@1.2.1
142 silly decomposeActions preinstall bindings@1.2.1
143 silly decomposeActions build bindings@1.2.1
144 silly decomposeActions install bindings@1.2.1
145 silly decomposeActions postinstall bindings@1.2.1
146 silly decomposeActions finalize bindings@1.2.1
147 silly decomposeActions fetch nan@2.3.5
148 silly decomposeActions extract nan@2.3.5
149 silly decomposeActions test nan@2.3.5
150 silly decomposeActions preinstall nan@2.3.5
151 silly decomposeActions build nan@2.3.5
152 silly decomposeActions install nan@2.3.5
153 silly decomposeActions postinstall nan@2.3.5
154 silly decomposeActions finalize nan@2.3.5
155 silly decomposeActions fetch bcrypt@0.8.7
156 silly decomposeActions extract bcrypt@0.8.7
157 silly decomposeActions test bcrypt@0.8.7
158 silly decomposeActions preinstall bcrypt@0.8.7
159 silly decomposeActions build bcrypt@0.8.7
160 silly decomposeActions install bcrypt@0.8.7
161 silly decomposeActions postinstall bcrypt@0.8.7
162 silly decomposeActions finalize bcrypt@0.8.7
163 silly runTopLevelLifecycles Starting
164 silly executeActions Starting
165 silly install executeActions
166 silly doSerial global-install 0
167 silly doParallel fetch 3
168 verbose correctMkdir /Users/alexchan/.meteor/packages/meteor-tool/.1.4.2_1.ady4ki++os.osx.x86_64+web.browser+web.cordova/mt-os.osx.x86_64/dev_bundle/.npm/_locks correctMkdir not in flight; initializing
169 verbose lock using /Users/alexchan/.meteor/packages/meteor-tool/.1.4.2_1.ady4ki++os.osx.x86_64+web.browser+web.cordova/mt-os.osx.x86_64/dev_bundle/.npm/_locks/staging-c41d21eb9cef1de2.lock for /Users/alexchan/Documents/cs/mk-team/node_modules/.staging
170 silly doParallel extract 3
171 silly extract bindings@1.2.1
172 silly extract nan@2.3.5
173 silly extract bcrypt@0.8.7
174 verbose unbuild node_modules/.staging/nan-ae7d3fad
175 verbose unbuild node_modules/.staging/bindings-ff02a23b
176 verbose unbuild node_modules/.staging/bcrypt-bea53dca
177 silly gentlyRm /Users/alexchan/Documents/cs/mk-team/node_modules/.staging/nan-ae7d3fad is being purged from base /Users/alexchan/Documents/cs/mk-team
178 verbose gentlyRm don't care about contents; nuking /Users/alexchan/Documents/cs/mk-team/node_modules/.staging/nan-ae7d3fad
179 silly gentlyRm /Users/alexchan/Documents/cs/mk-team/node_modules/.staging/bindings-ff02a23b is being purged from base /Users/alexchan/Documents/cs/mk-team
180 verbose gentlyRm don't care about contents; nuking /Users/alexchan/Documents/cs/mk-team/node_modules/.staging/bindings-ff02a23b
181 silly gentlyRm /Users/alexchan/Documents/cs/mk-team/node_modules/.staging/bcrypt-bea53dca is being purged from base /Users/alexchan/Documents/cs/mk-team
182 verbose gentlyRm don't care about contents; nuking /Users/alexchan/Documents/cs/mk-team/node_modules/.staging/bcrypt-bea53dca
183 verbose tar unpack /Users/alexchan/.meteor/packages/meteor-tool/.1.4.2_1.ady4ki++os.osx.x86_64+web.browser+web.cordova/mt-os.osx.x86_64/dev_bundle/.npm/nan/2.3.5/package.tgz
184 verbose tar unpacking to /Users/alexchan/Documents/cs/mk-team/node_modules/.staging/nan-ae7d3fad
185 silly gentlyRm /Users/alexchan/Documents/cs/mk-team/node_modules/.staging/nan-ae7d3fad is being purged
186 verbose gentlyRm don't care about contents; nuking /Users/alexchan/Documents/cs/mk-team/node_modules/.staging/nan-ae7d3fad
187 verbose tar unpack /Users/alexchan/.meteor/packages/meteor-tool/.1.4.2_1.ady4ki++os.osx.x86_64+web.browser+web.cordova/mt-os.osx.x86_64/dev_bundle/.npm/bindings/1.2.1/package.tgz
188 verbose tar unpacking to /Users/alexchan/Documents/cs/mk-team/node_modules/.staging/bindings-ff02a23b
189 silly gentlyRm /Users/alexchan/Documents/cs/mk-team/node_modules/.staging/bindings-ff02a23b is being purged
190 verbose gentlyRm don't care about contents; nuking /Users/alexchan/Documents/cs/mk-team/node_modules/.staging/bindings-ff02a23b
191 verbose tar unpack /Users/alexchan/.meteor/packages/meteor-tool/.1.4.2_1.ady4ki++os.osx.x86_64+web.browser+web.cordova/mt-os.osx.x86_64/dev_bundle/.npm/bcrypt/0.8.7/package.tgz
192 verbose tar unpacking to /Users/alexchan/Documents/cs/mk-team/node_modules/.staging/bcrypt-bea53dca
193 silly gentlyRm /Users/alexchan/Documents/cs/mk-team/node_modules/.staging/bcrypt-bea53dca is being purged
194 verbose gentlyRm don't care about contents; nuking /Users/alexchan/Documents/cs/mk-team/node_modules/.staging/bcrypt-bea53dca
195 silly gunzTarPerm modes [ '755', '644' ]
196 silly gunzTarPerm modes [ '755', '644' ]
197 silly gunzTarPerm modes [ '755', '644' ]
198 silly gunzTarPerm extractEntry package.json
199 silly gunzTarPerm modified mode [ 'package.json', 436, 420 ]
200 silly gunzTarPerm extractEntry package.json
201 silly gunzTarPerm extractEntry package.json
202 silly gunzTarPerm extractEntry README.md
203 silly gunzTarPerm modified mode [ 'README.md', 436, 420 ]
204 silly gunzTarPerm extractEntry README.md
205 silly gunzTarPerm extractEntry bindings.js
206 silly gunzTarPerm extractEntry include_dirs.js
207 silly gunzTarPerm modified mode [ 'include_dirs.js', 436, 420 ]
208 silly gunzTarPerm extractEntry .npmignore
209 silly gunzTarPerm extractEntry README.md
210 silly gunzTarPerm extractEntry nan_converters.h
211 silly gunzTarPerm modified mode [ 'nan_converters.h', 436, 420 ]
212 silly gunzTarPerm extractEntry LICENSE.md
213 silly gunzTarPerm modified mode [ 'LICENSE.md', 436, 420 ]
214 silly gunzTarPerm extractEntry doc/node_misc.md
215 silly gunzTarPerm modified mode [ 'doc/node_misc.md', 436, 420 ]
216 silly gunzTarPerm extractEntry LICENSE
217 silly gunzTarPerm extractEntry bcrypt.js
218 silly gunzTarPerm extractEntry Makefile
219 silly gunzTarPerm extractEntry .travis.yml
220 silly gunzTarPerm extractEntry CHANGELOG.md
221 silly gunzTarPerm extractEntry binding.gyp
222 silly gunzTarPerm extractEntry examples/async_compare.js
223 silly gunzTarPerm extractEntry examples/forever_gen_salt.js
224 silly gunzTarPerm extractEntry test/async.js
225 silly gunzTarPerm extractEntry test/repetitions.js
226 silly gunzTarPerm extractEntry test/sync.js
227 silly gunzTarPerm extractEntry ISSUE_TEMPLATE.md
228 silly gunzTarPerm extractEntry src/bcrypt.cc
229 silly gunzTarPerm extractEntry src/bcrypt_node.cc
230 silly gunzTarPerm extractEntry src/blowfish.cc
231 silly gunzTarPerm extractEntry src/node_blf.h
232 silly gunzTarPerm extractEntry werker.yml
233 silly gunzTarPerm extractEntry doc/asyncworker.md
234 silly gunzTarPerm modified mode [ 'doc/asyncworker.md', 436, 420 ]
235 silly gunzTarPerm extractEntry doc/callback.md
236 silly gunzTarPerm modified mode [ 'doc/callback.md', 436, 420 ]
237 silly gunzTarPerm extractEntry doc/converters.md
238 silly gunzTarPerm modified mode [ 'doc/converters.md', 436, 420 ]
239 silly gunzTarPerm extractEntry doc/errors.md
240 silly gunzTarPerm modified mode [ 'doc/errors.md', 436, 420 ]
241 silly gunzTarPerm extractEntry doc/maybe_types.md
242 silly gunzTarPerm modified mode [ 'doc/maybe_types.md', 436, 420 ]
243 silly gunzTarPerm extractEntry doc/methods.md
244 silly gunzTarPerm modified mode [ 'doc/methods.md', 436, 420 ]
245 silly gunzTarPerm extractEntry doc/new.md
246 silly gunzTarPerm modified mode [ 'doc/new.md', 436, 420 ]
247 silly gentlyRm /Users/alexchan/Documents/cs/mk-team/node_modules/.staging/bindings-ff02a23b/node_modules is being purged
248 verbose gentlyRm don't care about contents; nuking /Users/alexchan/Documents/cs/mk-team/node_modules/.staging/bindings-ff02a23b/node_modules
249 silly gunzTarPerm extractEntry doc/buffers.md
250 silly gunzTarPerm modified mode [ 'doc/buffers.md', 436, 420 ]
251 silly gunzTarPerm extractEntry doc/object_wrappers.md
252 silly gunzTarPerm modified mode [ 'doc/object_wrappers.md', 436, 420 ]
253 silly gunzTarPerm extractEntry doc/persistent.md
254 silly gunzTarPerm modified mode [ 'doc/persistent.md', 436, 420 ]
255 silly gunzTarPerm extractEntry doc/scopes.md
256 silly gunzTarPerm modified mode [ 'doc/scopes.md', 436, 420 ]
257 silly gunzTarPerm extractEntry doc/script.md
258 silly gunzTarPerm modified mode [ 'doc/script.md', 436, 420 ]
259 silly gunzTarPerm extractEntry doc/string_bytes.md
260 silly gunzTarPerm modified mode [ 'doc/string_bytes.md', 436, 420 ]
261 silly gunzTarPerm extractEntry doc/v8_internals.md
262 silly gunzTarPerm modified mode [ 'doc/v8_internals.md', 436, 420 ]
263 silly gunzTarPerm extractEntry doc/v8_misc.md
264 silly gunzTarPerm modified mode [ 'doc/v8_misc.md', 436, 420 ]
265 silly gunzTarPerm extractEntry nan.h
266 silly gunzTarPerm modified mode [ 'nan.h', 436, 420 ]
267 silly gunzTarPerm extractEntry nan_callbacks.h
268 silly gunzTarPerm modified mode [ 'nan_callbacks.h', 436, 420 ]
269 silly gunzTarPerm extractEntry nan_callbacks_12_inl.h
270 silly gunzTarPerm modified mode [ 'nan_callbacks_12_inl.h', 436, 420 ]
271 silly gunzTarPerm extractEntry nan_callbacks_pre_12_inl.h
272 silly gunzTarPerm modified mode [ 'nan_callbacks_pre_12_inl.h', 436, 420 ]
273 silly gunzTarPerm extractEntry nan_converters_43_inl.h
274 silly gunzTarPerm modified mode [ 'nan_converters_43_inl.h', 436, 420 ]
275 silly gunzTarPerm extractEntry nan_converters_pre_43_inl.h
276 silly gunzTarPerm modified mode [ 'nan_converters_pre_43_inl.h', 436, 420 ]
277 silly gunzTarPerm extractEntry nan_implementation_12_inl.h
278 silly gunzTarPerm modified mode [ 'nan_implementation_12_inl.h', 436, 420 ]
279 silly gunzTarPerm extractEntry nan_implementation_pre_12_inl.h
280 silly gunzTarPerm modified mode [ 'nan_implementation_pre_12_inl.h', 436, 420 ]
281 silly gunzTarPerm extractEntry nan_maybe_43_inl.h
282 silly gunzTarPerm modified mode [ 'nan_maybe_43_inl.h', 436, 420 ]
283 silly gunzTarPerm extractEntry nan_maybe_pre_43_inl.h
284 silly gunzTarPerm modified mode [ 'nan_maybe_pre_43_inl.h', 436, 420 ]
285 silly gunzTarPerm extractEntry nan_new.h
286 silly gunzTarPerm modified mode [ 'nan_new.h', 436, 420 ]
287 silly gunzTarPerm extractEntry nan_object_wrap.h
288 silly gunzTarPerm modified mode [ 'nan_object_wrap.h', 436, 420 ]
289 silly gunzTarPerm extractEntry nan_persistent_12_inl.h
290 silly gunzTarPerm modified mode [ 'nan_persistent_12_inl.h', 436, 420 ]
291 silly gunzTarPerm extractEntry nan_persistent_pre_12_inl.h
292 silly gunzTarPerm modified mode [ 'nan_persistent_pre_12_inl.h', 436, 420 ]
293 silly gunzTarPerm extractEntry nan_string_bytes.h
294 silly gunzTarPerm modified mode [ 'nan_string_bytes.h', 436, 420 ]
295 silly gunzTarPerm extractEntry nan_typedarray_contents.h
296 silly gunzTarPerm modified mode [ 'nan_typedarray_contents.h', 436, 420 ]
297 silly gunzTarPerm extractEntry nan_weak.h
298 silly gunzTarPerm modified mode [ 'nan_weak.h', 436, 420 ]
299 silly gunzTarPerm extractEntry CHANGELOG.md
300 silly gunzTarPerm modified mode [ 'CHANGELOG.md', 436, 420 ]
301 silly gunzTarPerm extractEntry tools/package.json
302 silly gunzTarPerm modified mode [ 'tools/package.json', 436, 420 ]
303 silly gunzTarPerm extractEntry tools/README.md
304 silly gunzTarPerm modified mode [ 'tools/README.md', 436, 420 ]
305 silly gunzTarPerm extractEntry tools/1to2.js
306 silly gunzTarPerm modified mode [ 'tools/1to2.js', 509, 493 ]
307 silly gentlyRm /Users/alexchan/Documents/cs/mk-team/node_modules/.staging/bcrypt-bea53dca/node_modules is being purged
308 verbose gentlyRm don't care about contents; nuking /Users/alexchan/Documents/cs/mk-team/node_modules/.staging/bcrypt-bea53dca/node_modules
309 silly gentlyRm /Users/alexchan/Documents/cs/mk-team/node_modules/.staging/nan-ae7d3fad/node_modules is being purged
310 verbose gentlyRm don't care about contents; nuking /Users/alexchan/Documents/cs/mk-team/node_modules/.staging/nan-ae7d3fad/node_modules
311 silly doParallel preinstall 3
312 silly preinstall bindings@1.2.1 /Users/alexchan/Documents/cs/mk-team/node_modules/.staging/bindings-ff02a23b
313 info lifecycle bindings@1.2.1~preinstall: bindings@1.2.1
314 silly preinstall nan@2.3.5 /Users/alexchan/Documents/cs/mk-team/node_modules/.staging/nan-ae7d3fad
315 info lifecycle nan@2.3.5~preinstall: nan@2.3.5
316 silly preinstall bcrypt@0.8.7 /Users/alexchan/Documents/cs/mk-team/node_modules/.staging/bcrypt-bea53dca
317 info lifecycle bcrypt@0.8.7~preinstall: bcrypt@0.8.7
318 silly lifecycle bindings@1.2.1~preinstall: no script for preinstall, continuing
319 silly lifecycle nan@2.3.5~preinstall: no script for preinstall, continuing
320 silly lifecycle bcrypt@0.8.7~preinstall: no script for preinstall, continuing
321 silly doReverseSerial remove 0
322 silly doSerial move 0
323 silly doSerial finalize 3
324 silly finalize /Users/alexchan/Documents/cs/mk-team/node_modules/bindings
325 silly finalize /Users/alexchan/Documents/cs/mk-team/node_modules/nan
326 silly finalize /Users/alexchan/Documents/cs/mk-team/node_modules/bcrypt
327 silly doSerial build 3
328 silly build bindings@1.2.1
329 info linkStuff bindings@1.2.1
330 silly linkStuff bindings@1.2.1 has /Users/alexchan/Documents/cs/mk-team/node_modules as its parent node_modules
331 verbose linkBins bindings@1.2.1
332 verbose linkMans bindings@1.2.1
333 silly build nan@2.3.5
334 info linkStuff nan@2.3.5
335 silly linkStuff nan@2.3.5 has /Users/alexchan/Documents/cs/mk-team/node_modules as its parent node_modules
336 verbose linkBins nan@2.3.5
337 verbose linkMans nan@2.3.5
338 silly build bcrypt@0.8.7
339 info linkStuff bcrypt@0.8.7
340 silly linkStuff bcrypt@0.8.7 has /Users/alexchan/Documents/cs/mk-team/node_modules as its parent node_modules
341 verbose linkBins bcrypt@0.8.7
342 verbose linkMans bcrypt@0.8.7
343 silly doSerial global-link 0
344 silly doParallel update-linked 0
345 silly doSerial install 3
346 silly install bindings@1.2.1 /Users/alexchan/Documents/cs/mk-team/node_modules/.staging/bindings-ff02a23b
347 info lifecycle bindings@1.2.1~install: bindings@1.2.1
348 silly lifecycle bindings@1.2.1~install: no script for install, continuing
349 silly install nan@2.3.5 /Users/alexchan/Documents/cs/mk-team/node_modules/.staging/nan-ae7d3fad
350 info lifecycle nan@2.3.5~install: nan@2.3.5
351 silly lifecycle nan@2.3.5~install: no script for install, continuing
352 silly install bcrypt@0.8.7 /Users/alexchan/Documents/cs/mk-team/node_modules/.staging/bcrypt-bea53dca
353 info lifecycle bcrypt@0.8.7~install: bcrypt@0.8.7
354 verbose lifecycle bcrypt@0.8.7~install: unsafe-perm in lifecycle true
355 verbose lifecycle bcrypt@0.8.7~install: PATH: /Users/alexchan/.meteor/packages/meteor-tool/.1.4.2_1.ady4ki++os.osx.x86_64+web.browser+web.cordova/mt-os.osx.x86_64/dev_bundle/lib/node_modules/npm/bin/node-gyp-bin:/Users/alexchan/Documents/cs/mk-team/node_modules/bcrypt/node_modules/.bin:/Users/alexchan/Documents/cs/mk-team/node_modules/.bin:/Users/alexchan/.meteor/packages/meteor-tool/.1.4.2_1.ady4ki++os.osx.x86_64+web.browser+web.cordova/mt-os.osx.x86_64/dev_bundle/bin:/Users/alexchan/.meteor/packages/meteor-tool/.1.4.2_1.ady4ki++os.osx.x86_64+web.browser+web.cordova/mt-os.osx.x86_64/dev_bundle/lib/node_modules/.bin:/Users/alexchan/anaconda3/bin:/Library/Frameworks/Python.framework/Versions/3.5/bin:/Users/alexchan/.rvm/gems/ruby-2.3.0/bin:/Users/alexchan/.rvm/gems/ruby-2.3.0@global/bin:/Users/alexchan/.rvm/rubies/ruby-2.3.0/bin:/usr/local/bin:/usr/bin:/bin:/usr/sbin:/sbin:/Library/TeX/texbin:/Users/alexchan/.rvm/bin
356 verbose lifecycle bcrypt@0.8.7~install: CWD: /Users/alexchan/Documents/cs/mk-team/node_modules/bcrypt
357 silly lifecycle bcrypt@0.8.7~install: Args: [ '-c', 'node-gyp rebuild' ]
358 silly lifecycle bcrypt@0.8.7~install: Returned: code: 1  signal: null
359 info lifecycle bcrypt@0.8.7~install: Failed to exec install script
360 verbose unlock done using /Users/alexchan/.meteor/packages/meteor-tool/.1.4.2_1.ady4ki++os.osx.x86_64+web.browser+web.cordova/mt-os.osx.x86_64/dev_bundle/.npm/_locks/staging-c41d21eb9cef1de2.lock for /Users/alexchan/Documents/cs/mk-team/node_modules/.staging
361 silly rollbackFailedOptional Starting
362 silly rollbackFailedOptional Finishing
363 silly runTopLevelLifecycles Finishing
364 silly install printInstalled
365 verbose stack Error: bcrypt@0.8.7 install: `node-gyp rebuild`
365 verbose stack Exit status 1
365 verbose stack     at EventEmitter.<anonymous> (/Users/alexchan/.meteor/packages/meteor-tool/.1.4.2_1.ady4ki++os.osx.x86_64+web.browser+web.cordova/mt-os.osx.x86_64/dev_bundle/lib/node_modules/npm/lib/utils/lifecycle.js:255:16)
365 verbose stack     at emitTwo (events.js:87:13)
365 verbose stack     at EventEmitter.emit (events.js:172:7)
365 verbose stack     at ChildProcess.<anonymous> (/Users/alexchan/.meteor/packages/meteor-tool/.1.4.2_1.ady4ki++os.osx.x86_64+web.browser+web.cordova/mt-os.osx.x86_64/dev_bundle/lib/node_modules/npm/lib/utils/spawn.js:40:14)
365 verbose stack     at emitTwo (events.js:87:13)
365 verbose stack     at ChildProcess.emit (events.js:172:7)
365 verbose stack     at maybeClose (internal/child_process.js:829:16)
365 verbose stack     at Process.ChildProcess._handle.onexit (internal/child_process.js:211:5)
366 verbose pkgid bcrypt@0.8.7
367 verbose cwd /Users/alexchan/Documents/cs/mk-team
368 error Darwin 16.1.0
369 error argv "/Users/alexchan/.meteor/packages/meteor-tool/.1.4.2_1.ady4ki++os.osx.x86_64+web.browser+web.cordova/mt-os.osx.x86_64/dev_bundle/bin/node" "/Users/alexchan/.meteor/packages/meteor-tool/.1.4.2_1.ady4ki++os.osx.x86_64+web.browser+web.cordova/mt-os.osx.x86_64/dev_bundle/bin/npm" "install" "--save" "bcrypt"
370 error node v4.6.1
371 error npm  v3.10.9
372 error code ELIFECYCLE
373 error bcrypt@0.8.7 install: `node-gyp rebuild`
373 error Exit status 1
374 error Failed at the bcrypt@0.8.7 install script 'node-gyp rebuild'.
374 error Make sure you have the latest version of node.js and npm installed.
374 error If you do, this is most likely a problem with the bcrypt package,
374 error not with npm itself.
374 error Tell the author that this fails on your system:
374 error     node-gyp rebuild
374 error You can get information on how to open an issue for this project with:
374 error     npm bugs bcrypt
374 error Or if that isn't available, you can get their info via:
374 error     npm owner ls bcrypt
374 error There is likely additional logging output above.
375 verbose exit [ 1, true ]
